<?xml version="1.0" encoding="UTF-8"?>
<coverage generated="1695915975214" clover="3.2.0">
  <project timestamp="1695915975214" name="All files">
    <metrics statements="40" coveredstatements="40" conditionals="10" coveredconditionals="10" methods="7" coveredmethods="7" elements="57" coveredelements="57" complexity="0" loc="40" ncloc="40" packages="1" files="1" classes="1"/>
    <file name="index.js" path="D:\dev\code\html\FZU_Calculator\src\index.js">
      <metrics statements="40" coveredstatements="40" conditionals="10" coveredconditionals="10" methods="7" coveredmethods="7"/>
      <line num="18" count="1" type="stmt"/>
      <line num="26" count="1" type="stmt"/>
      <line num="27" count="1" type="stmt"/>
      <line num="30" count="14" type="stmt"/>
      <line num="31" count="14" type="stmt"/>
      <line num="34" count="1" type="stmt"/>
      <line num="35" count="1" type="stmt"/>
      <line num="36" count="1" type="stmt"/>
      <line num="37" count="1" type="stmt"/>
      <line num="38" count="1" type="stmt"/>
      <line num="42" count="31" type="cond" truecount="2" falsecount="0"/>
      <line num="43" count="1" type="stmt"/>
      <line num="45" count="31" type="stmt"/>
      <line num="46" count="31" type="stmt"/>
      <line num="49" count="2" type="cond" truecount="2" falsecount="0"/>
      <line num="50" count="1" type="stmt"/>
      <line num="52" count="2" type="stmt"/>
      <line num="53" count="2" type="stmt"/>
      <line num="56" count="2" type="cond" truecount="2" falsecount="0"/>
      <line num="57" count="1" type="stmt"/>
      <line num="59" count="2" type="stmt"/>
      <line num="60" count="2" type="stmt"/>
      <line num="63" count="2" type="cond" truecount="2" falsecount="0"/>
      <line num="64" count="1" type="stmt"/>
      <line num="66" count="2" type="stmt"/>
      <line num="67" count="2" type="stmt"/>
      <line num="68" count="2" type="stmt"/>
      <line num="69" count="2" type="stmt"/>
      <line num="76" count="11" type="stmt"/>
      <line num="77" count="11" type="stmt"/>
      <line num="79" count="11" type="cond" truecount="2" falsecount="0"/>
      <line num="80" count="1" type="stmt"/>
      <line num="81" count="1" type="stmt"/>
      <line num="83" count="10" type="stmt"/>
      <line num="84" count="10" type="stmt"/>
      <line num="86" count="1" type="stmt"/>
      <line num="87" count="1" type="stmt"/>
      <line num="89" count="10" type="stmt"/>
      <line num="90" count="10" type="stmt"/>
      <line num="95" count="1" type="stmt"/>
    </file>
  </project>
</coverage>
