{"D:\\dev\\code\\html\\FZU_Calculator\\src\\index.js": {"path":"D:\\dev\\code\\html\\FZU_Calculator\\src\\index.js","statementMap":{"0":{"start":{"line":18,"column":23},"end":{"line":21,"column":2}},"1":{"start":{"line":26,"column":15},"end":{"line":26,"column":26}},"2":{"start":{"line":27,"column":17},"end":{"line":27,"column":19}},"3":{"start":{"line":30,"column":4},"end":{"line":30,"column":50}},"4":{"start":{"line":31,"column":4},"end":{"line":31,"column":20}},"5":{"start":{"line":34,"column":4},"end":{"line":34,"column":51}},"6":{"start":{"line":35,"column":4},"end":{"line":35,"column":64}},"7":{"start":{"line":36,"column":4},"end":{"line":36,"column":28}},"8":{"start":{"line":37,"column":4},"end":{"line":37,"column":41}},"9":{"start":{"line":38,"column":4},"end":{"line":38,"column":28}},"10":{"start":{"line":42,"column":4},"end":{"line":44,"column":5}},"11":{"start":{"line":43,"column":8},"end":{"line":43,"column":54}},"12":{"start":{"line":45,"column":4},"end":{"line":45,"column":54}},"13":{"start":{"line":46,"column":4},"end":{"line":46,"column":24}},"14":{"start":{"line":49,"column":4},"end":{"line":51,"column":5}},"15":{"start":{"line":50,"column":8},"end":{"line":50,"column":54}},"16":{"start":{"line":52,"column":4},"end":{"line":52,"column":52}},"17":{"start":{"line":53,"column":4},"end":{"line":53,"column":22}},"18":{"start":{"line":56,"column":4},"end":{"line":58,"column":5}},"19":{"start":{"line":57,"column":8},"end":{"line":57,"column":54}},"20":{"start":{"line":59,"column":4},"end":{"line":59,"column":53}},"21":{"start":{"line":60,"column":4},"end":{"line":60,"column":23}},"22":{"start":{"line":63,"column":4},"end":{"line":65,"column":5}},"23":{"start":{"line":64,"column":8},"end":{"line":64,"column":54}},"24":{"start":{"line":66,"column":4},"end":{"line":66,"column":54}},"25":{"start":{"line":67,"column":4},"end":{"line":67,"column":52}},"26":{"start":{"line":68,"column":4},"end":{"line":68,"column":24}},"27":{"start":{"line":69,"column":4},"end":{"line":69,"column":22}},"28":{"start":{"line":76,"column":4},"end":{"line":76,"column":50}},"29":{"start":{"line":77,"column":17},"end":{"line":77,"column":19}},"30":{"start":{"line":79,"column":4},"end":{"line":91,"column":5}},"31":{"start":{"line":80,"column":8},"end":{"line":80,"column":54}},"32":{"start":{"line":81,"column":8},"end":{"line":81,"column":24}},"33":{"start":{"line":83,"column":8},"end":{"line":88,"column":9}},"34":{"start":{"line":84,"column":12},"end":{"line":84,"column":62}},"35":{"start":{"line":86,"column":12},"end":{"line":86,"column":89}},"36":{"start":{"line":87,"column":12},"end":{"line":87,"column":28}},"37":{"start":{"line":89,"column":8},"end":{"line":89,"column":58}},"38":{"start":{"line":90,"column":8},"end":{"line":90,"column":62}},"39":{"start":{"line":95,"column":0},"end":{"line":103,"column":1}}},"fnMap":{"0":{"name":"clearf","decl":{"start":{"line":29,"column":9},"end":{"line":29,"column":15}},"loc":{"start":{"line":29,"column":18},"end":{"line":32,"column":1}},"line":29},"1":{"name":"backf","decl":{"start":{"line":33,"column":9},"end":{"line":33,"column":14}},"loc":{"start":{"line":33,"column":17},"end":{"line":39,"column":1}},"line":33},"2":{"name":"get","decl":{"start":{"line":41,"column":9},"end":{"line":41,"column":12}},"loc":{"start":{"line":41,"column":20},"end":{"line":47,"column":1}},"line":41},"3":{"name":"pow","decl":{"start":{"line":48,"column":9},"end":{"line":48,"column":12}},"loc":{"start":{"line":48,"column":15},"end":{"line":54,"column":1}},"line":48},"4":{"name":"pow2","decl":{"start":{"line":55,"column":9},"end":{"line":55,"column":13}},"loc":{"start":{"line":55,"column":16},"end":{"line":61,"column":1}},"line":55},"5":{"name":"get_with_left_bracket","decl":{"start":{"line":62,"column":9},"end":{"line":62,"column":30}},"loc":{"start":{"line":62,"column":38},"end":{"line":70,"column":1}},"line":62},"6":{"name":"calculates","decl":{"start":{"line":75,"column":9},"end":{"line":75,"column":19}},"loc":{"start":{"line":75,"column":22},"end":{"line":92,"column":1}},"line":75}},"branchMap":{"0":{"loc":{"start":{"line":42,"column":4},"end":{"line":44,"column":5}},"type":"if","locations":[{"start":{"line":42,"column":4},"end":{"line":44,"column":5}},{"start":{},"end":{}}],"line":42},"1":{"loc":{"start":{"line":49,"column":4},"end":{"line":51,"column":5}},"type":"if","locations":[{"start":{"line":49,"column":4},"end":{"line":51,"column":5}},{"start":{},"end":{}}],"line":49},"2":{"loc":{"start":{"line":56,"column":4},"end":{"line":58,"column":5}},"type":"if","locations":[{"start":{"line":56,"column":4},"end":{"line":58,"column":5}},{"start":{},"end":{}}],"line":56},"3":{"loc":{"start":{"line":63,"column":4},"end":{"line":65,"column":5}},"type":"if","locations":[{"start":{"line":63,"column":4},"end":{"line":65,"column":5}},{"start":{},"end":{}}],"line":63},"4":{"loc":{"start":{"line":79,"column":4},"end":{"line":91,"column":5}},"type":"if","locations":[{"start":{"line":79,"column":4},"end":{"line":91,"column":5}},{"start":{"line":82,"column":11},"end":{"line":91,"column":5}}],"line":79}},"s":{"0":1,"1":1,"2":1,"3":14,"4":14,"5":1,"6":1,"7":1,"8":1,"9":1,"10":31,"11":1,"12":31,"13":31,"14":2,"15":1,"16":2,"17":2,"18":2,"19":1,"20":2,"21":2,"22":2,"23":1,"24":2,"25":2,"26":2,"27":2,"28":11,"29":11,"30":11,"31":1,"32":1,"33":10,"34":10,"35":1,"36":1,"37":10,"38":10,"39":1},"f":{"0":14,"1":1,"2":31,"3":2,"4":2,"5":2,"6":11},"b":{"0":[1,30],"1":[1,1],"2":[1,1],"3":[1,1],"4":[1,10]},"_coverageSchema":"1a1c01bbd47fc00a2c39e90264f33305004495a9","hash":"329e6a97d844149161f93e95637dfd44b145610b"}
}
