TN:
SF:src\index.js
FN:29,clearf
FN:33,backf
FN:41,get
FN:48,pow
FN:55,pow2
FN:62,get_with_left_bracket
FN:75,calculates
FNF:7
FNH:7
FNDA:14,clearf
FNDA:1,backf
FNDA:31,get
FNDA:2,pow
FNDA:2,pow2
FNDA:2,get_with_left_bracket
FNDA:11,calculates
DA:18,1
DA:26,1
DA:27,1
DA:30,14
DA:31,14
DA:34,1
DA:35,1
DA:36,1
DA:37,1
DA:38,1
DA:42,31
DA:43,1
DA:45,31
DA:46,31
DA:49,2
DA:50,1
DA:52,2
DA:53,2
DA:56,2
DA:57,1
DA:59,2
DA:60,2
DA:63,2
DA:64,1
DA:66,2
DA:67,2
DA:68,2
DA:69,2
DA:76,11
DA:77,11
DA:79,11
DA:80,1
DA:81,1
DA:83,10
DA:84,10
DA:86,1
DA:87,1
DA:89,10
DA:90,10
DA:95,1
LF:40
LH:40
BRDA:42,0,0,1
BRDA:42,0,1,30
BRDA:49,1,0,1
BRDA:49,1,1,1
BRDA:56,2,0,1
BRDA:56,2,1,1
BRDA:63,3,0,1
BRDA:63,3,1,1
BRDA:79,4,0,1
BRDA:79,4,1,10
BRF:10
BRH:10
end_of_record
